# JRE version: Java(TM) SE Runtime Environment 18.9 (11.0.17+10) (build 11.0.17+10-LTS-269)
# Java VM: Java HotSpot(TM) 64-Bit Server VM 18.9 (11.0.17+10-LTS-269, mixed mode, tiered, compressed oops, g1 gc, windows-amd64)
Heap:
 garbage-first heap   total 260096K, used 16964K [0x0000000703a00000, 0x0000000800000000)
  region size 1024K, 13 young (13312K), 3 survivors (3072K)
 Metaspace       used 21765K, capacity 22467K, committed 22704K, reserved 1069056K
  class space    used 2238K, capacity 2541K, committed 2560K, reserved 1048576K
GC Heap History (6 events):
Event: 2.422 GC heap before
{Heap before GC invocations=0 (full 0):
 garbage-first heap   total 260096K, used 23552K [0x0000000703a00000, 0x0000000800000000)
  region size 1024K, 24 young (24576K), 0 survivors (0K)
 Metaspace       used 15161K, capacity 15716K, committed 16000K, reserved 1062912K
  class space    used 1608K, capacity 1838K, committed 1920K, reserved 1048576K
}
Event: 2.430 GC heap after
{Heap after GC invocations=1 (full 0):
 garbage-first heap   total 260096K, used 5072K [0x0000000703a00000, 0x0000000800000000)
  region size 1024K, 3 young (3072K), 3 survivors (3072K)
 Metaspace       used 15161K, capacity 15716K, committed 16000K, reserved 1062912K
  class space    used 1608K, capacity 1838K, committed 1920K, reserved 1048576K
}
Event: 3.234 GC heap before
{Heap before GC invocations=1 (full 0):
 garbage-first heap   total 260096K, used 21456K [0x0000000703a00000, 0x0000000800000000)
  region size 1024K, 20 young (20480K), 3 survivors (3072K)
 Metaspace       used 19775K, capacity 20425K, committed 20608K, reserved 1067008K
  class space    used 2075K, capacity 2391K, committed 2432K, reserved 1048576K
}
Event: 3.240 GC heap after
{Heap after GC invocations=2 (full 0):
 garbage-first heap   total 260096K, used 7725K [0x0000000703a00000, 0x0000000800000000)
  region size 1024K, 3 young (3072K), 3 survivors (3072K)
 Metaspace       used 19775K, capacity 20425K, committed 20608K, reserved 1067008K
  class space    used 2075K, capacity 2391K, committed 2432K, reserved 1048576K
}
Event: 3.343 GC heap before
{Heap before GC invocations=2 (full 0):
 garbage-first heap   total 260096K, used 12845K [0x0000000703a00000, 0x0000000800000000)
  region size 1024K, 6 young (6144K), 3 survivors (3072K)
 Metaspace       used 20538K, capacity 21199K, committed 21296K, reserved 1069056K
  class space    used 2104K, capacity 2393K, committed 2432K, reserved 1048576K
}
Event: 3.348 GC heap after
{Heap after GC invocations=3 (full 0):
 garbage-first heap   total 260096K, used 7748K [0x0000000703a00000, 0x0000000800000000)
  region size 1024K, 3 young (3072K), 3 survivors (3072K)
 Metaspace       used 20538K, capacity 21199K, committed 21296K, reserved 1069056K
  class space    used 2104K, capacity 2393K, committed 2432K, reserved 1048576K
}

